<?xml version="1.0" encoding="UTF-8"?>
<!-- Generated by org.testng.reporters.JUnitReportReporter -->
<testsuite hostname="Vishus__Lappy" failures="0" tests="4" name="test.LoginTest" time="2.655" errors="0" timestamp="2023-02-13T08:51:44 IST" skipped="0">
  <testcase classname="test.LoginTest" name="verifyBuildTitle" time="0.027"/>
  <system-out/>
  <testcase classname="test.LoginTest" name="verifyTitleOfLoginPage" time="0.515"/>
  <system-out/>
  <testcase classname="test.LoginTest" name="verifyUrlOfloginPage" time="0.023"/>
  <system-out/>
  <testcase classname="test.LoginTest" name="verifyLoginWithCorrectCredentials" time="2.090"/>
  <system-out/>
</testsuite> <!-- test.LoginTest -->
