<?xml version="1.0" encoding="UTF-8"?>
<!-- Generated by org.testng.reporters.JUnitReportReporter -->
<testsuite hostname="Vishus__Lappy" failures="0" tests="2" name="test.PIMTest" time="1.830" errors="0" timestamp="2023-02-13T08:53:52 IST" skipped="0">
  <testcase classname="test.PIMTest" name="verifyPIMPageTitle" time="1.716"/>
  <system-out/>
  <testcase classname="test.PIMTest" name="verifyEmpIDfromSearch" time="0.114"/>
  <system-out/>
</testsuite> <!-- test.PIMTest -->
